{"/home/tchrzanowski/www/poc_ngJS_Webpack/angularjs-sample-webpack-es6-karma/src/mathservice.js": {"path":"/home/tchrzanowski/www/poc_ngJS_Webpack/angularjs-sample-webpack-es6-karma/src/mathservice.js","statementMap":{"0":{"start":{"line":2,"column":0},"end":{"line":17,"column":3}},"1":{"start":{"line":5,"column":22},"end":{"line":7,"column":3}},"2":{"start":{"line":6,"column":1},"end":{"line":6,"column":14}},"3":{"start":{"line":9,"column":27},"end":{"line":11,"column":3}},"4":{"start":{"line":10,"column":1},"end":{"line":10,"column":14}},"5":{"start":{"line":13,"column":2},"end":{"line":16,"column":4}}},"fnMap":{"0":{"name":"(anonymous_0)","decl":{"start":{"line":3,"column":24},"end":{"line":3,"column":25}},"loc":{"start":{"line":3,"column":34},"end":{"line":17,"column":1}},"line":3},"1":{"name":"(anonymous_1)","decl":{"start":{"line":5,"column":22},"end":{"line":5,"column":23}},"loc":{"start":{"line":5,"column":36},"end":{"line":7,"column":3}},"line":5},"2":{"name":"(anonymous_2)","decl":{"start":{"line":9,"column":27},"end":{"line":9,"column":28}},"loc":{"start":{"line":9,"column":41},"end":{"line":11,"column":3}},"line":9}},"branchMap":{},"s":{"0":1,"1":3,"2":3,"3":3,"4":0,"5":3},"f":{"0":3,"1":3,"2":0},"b":{},"_coverageSchema":"1a1c01bbd47fc00a2c39e90264f33305004495a9","hash":"1011733183c9ae85262272213442ed712e50154e"}
}
